<?xml version="1.0" encoding="UTF-8"?>
<!-- Generated by org.testng.reporters.JUnitReportReporter -->
<testsuite skipped="0" hostname="Balus-MBP" name="com.iPivot.RestLearning.Test.RestAPICode" tests="12" failures="0" timestamp="2020-05-17T13:30:26 EDT" time="6.781" errors="0">
  <testcase name="getWeather" time="0.286" classname="com.iPivot.RestLearning.Test.RestAPICode"/>
  <testcase name="getWeather" time="0.305" classname="com.iPivot.RestLearning.Test.RestAPICode"/>
  <testcase name="getWeather" time="0.334" classname="com.iPivot.RestLearning.Test.RestAPICode"/>
  <testcase name="RegistrationSuccessful" time="2.610" classname="com.iPivot.RestLearning.Test.RestAPICode"/>
  <testcase name="getWeather" time="0.889" classname="com.iPivot.RestLearning.Test.RestAPICode"/>
  <testcase name="getWeather" time="0.313" classname="com.iPivot.RestLearning.Test.RestAPICode"/>
  <testcase name="getWeather" time="0.307" classname="com.iPivot.RestLearning.Test.RestAPICode"/>
  <testcase name="RegistrationSuccessful" time="0.236" classname="com.iPivot.RestLearning.Test.RestAPICode"/>
  <testcase name="getWeather" time="0.289" classname="com.iPivot.RestLearning.Test.RestAPICode"/>
  <testcase name="getWeather" time="0.447" classname="com.iPivot.RestLearning.Test.RestAPICode"/>
  <testcase name="getWeather" time="0.280" classname="com.iPivot.RestLearning.Test.RestAPICode"/>
  <testcase name="getWeather" time="0.485" classname="com.iPivot.RestLearning.Test.RestAPICode"/>
</testsuite> <!-- com.iPivot.RestLearning.Test.RestAPICode -->
