<?xml version="1.0" encoding="UTF-8"?>
<!-- Generated by org.testng.reporters.JUnitReportReporter -->
<testsuite skipped="0" hostname="Balus-MBP" name="com.iPivot.RestLearning.RestLearning.Testgroups" tests="7" failures="0" timestamp="2020-05-09T17:23:41 EDT" time="0.026" errors="0">
  <testcase name="testUpdate" time="0.005" classname="com.iPivot.RestLearning.RestLearning.Testgroups"/>
  <testcase name="accessAdminPage" time="0.009" classname="com.iPivot.RestLearning.RestLearning.Testgroups"/>
  <testcase name="testInsert" time="0.003" classname="com.iPivot.RestLearning.RestLearning.Testgroups"/>
  <testcase name="openConfirmationDialog" time="0.003" classname="com.iPivot.RestLearning.RestLearning.Testgroups"/>
  <testcase name="accessHomePage" time="0.002" classname="com.iPivot.RestLearning.RestLearning.Testgroups"/>
  <testcase name="openFileDialog" time="0.002" classname="com.iPivot.RestLearning.RestLearning.Testgroups"/>
  <testcase name="testDelete" time="0.002" classname="com.iPivot.RestLearning.RestLearning.Testgroups"/>
</testsuite> <!-- com.iPivot.RestLearning.RestLearning.Testgroups -->
