<?xml version="1.0" encoding="UTF-8"?>
<!-- Generated by org.testng.reporters.JUnitReportReporter -->
<testsuite skipped="0" hostname="Balus-MBP" name="com.iPivot.RestLearning.RestLearning.RestAPICode" tests="6" failures="0" timestamp="2020-05-16T22:41:57 EDT" time="5.230" errors="0">
  <testcase name="getWeather" time="0.362" classname="com.iPivot.RestLearning.RestLearning.RestAPICode"/>
  <testcase name="getWeather" time="1.064" classname="com.iPivot.RestLearning.RestLearning.RestAPICode"/>
  <testcase name="getWeather" time="0.304" classname="com.iPivot.RestLearning.RestLearning.RestAPICode"/>
  <testcase name="getWeather" time="0.360" classname="com.iPivot.RestLearning.RestLearning.RestAPICode"/>
  <testcase name="getWeather" time="0.331" classname="com.iPivot.RestLearning.RestLearning.RestAPICode"/>
  <testcase name="RegistrationSuccessful" time="2.809" classname="com.iPivot.RestLearning.RestLearning.RestAPICode"/>
</testsuite> <!-- com.iPivot.RestLearning.RestLearning.RestAPICode -->
