<?xml version="1.0" encoding="UTF-8"?>
<!-- Generated by org.testng.reporters.JUnitReportReporter -->
<testsuite skipped="0" hostname="Balus-MBP" name="com.iPivot.RestLearning.RestLearning.RestAPICode" tests="6" failures="0" timestamp="2020-05-17T00:14:41 EDT" time="5.490" errors="0">
  <testcase name="getWeather" time="0.645" classname="com.iPivot.RestLearning.RestLearning.RestAPICode"/>
  <testcase name="getWeather" time="0.948" classname="com.iPivot.RestLearning.RestLearning.RestAPICode"/>
  <testcase name="getWeather" time="0.304" classname="com.iPivot.RestLearning.RestLearning.RestAPICode"/>
  <testcase name="getWeather" time="0.351" classname="com.iPivot.RestLearning.RestLearning.RestAPICode"/>
  <testcase name="getWeather" time="0.705" classname="com.iPivot.RestLearning.RestLearning.RestAPICode"/>
  <testcase name="RegistrationSuccessful" time="2.537" classname="com.iPivot.RestLearning.RestLearning.RestAPICode"/>
</testsuite> <!-- com.iPivot.RestLearning.RestLearning.RestAPICode -->
