<?xml version="1.0" encoding="UTF-8"?>
<!-- Generated by org.testng.reporters.JUnitReportReporter -->
<testsuite skipped="0" hostname="Balus-MBP" name="com.iPivot.RestLearning.RestLearning.PracticeAPI" tests="4" failures="0" timestamp="2020-05-09T15:34:16 EDT" time="4.426" errors="0">
  <testcase name="getWeather" time="0.322" classname="com.iPivot.RestLearning.RestLearning.PracticeAPI"/>
  <system-out/>
  <testcase name="getWeather" time="0.317" classname="com.iPivot.RestLearning.RestLearning.PracticeAPI"/>
  <system-out/>
  <testcase name="getWeather" time="0.344" classname="com.iPivot.RestLearning.RestLearning.PracticeAPI"/>
  <system-out/>
  <testcase name="getWeather" time="3.443" classname="com.iPivot.RestLearning.RestLearning.PracticeAPI"/>
  <system-out/>
</testsuite> <!-- com.iPivot.RestLearning.RestLearning.PracticeAPI -->
