<?xml version="1.0" encoding="UTF-8"?>
<!-- Generated by org.testng.reporters.JUnitReportReporter -->
<testsuite skipped="0" hostname="Balus-MBP" name="com.iPivot.RestLearning.Test.RestAPICode" tests="6" failures="0" timestamp="2020-05-17T10:56:12 EDT" time="5.214" errors="0">
  <testcase name="getWeather" time="0.882" classname="com.iPivot.RestLearning.Test.RestAPICode"/>
  <testcase name="getWeather" time="0.696" classname="com.iPivot.RestLearning.Test.RestAPICode"/>
  <testcase name="getWeather" time="0.334" classname="com.iPivot.RestLearning.Test.RestAPICode"/>
  <testcase name="RegistrationSuccessful" time="2.391" classname="com.iPivot.RestLearning.Test.RestAPICode"/>
  <testcase name="getWeather" time="0.587" classname="com.iPivot.RestLearning.Test.RestAPICode"/>
  <testcase name="getWeather" time="0.324" classname="com.iPivot.RestLearning.Test.RestAPICode"/>
</testsuite> <!-- com.iPivot.RestLearning.Test.RestAPICode -->
